2024/02/16 12:48:20 Successfully connected to DB instance
2024/02/16 12:48:20 Successfully connected to RabbitMQ instance
2024/02/16 12:48:20 Successfully connected to RabbitMQ instance
2024/02/16 12:48:20 Server starting on port 3000
2024/02/16 12:48:34 Send message from orchestrator to agent agregator
2024/02/16 12:48:34 Agent agregator consume message from orchestrator
2024/02/16 12:48:34 [1 2 + 3 4 + +]
2024/02/16 12:48:34 Publishing message to Queue: Queue for sending expressions to agents
2024/02/16 12:48:34 Publishing message to Queue: Queue for sending expressions to agents
2024/02/16 12:48:34 Agent consume msg from agent agregator [123 34 101 120 112 114 101 115 115 105 111 110 95 105 100 34 58 34 98 54 100 56 55 97 100 48 45 57 52 57 51 45 52 56 102 53 45 57 55 98 57 45 54 57 97 56 54 54 56 52 50 55 102 102 34 44 34 116 111 107 101 110 34 58 34 51 32 52 32 43 34 44 34 101 120 112 114 101 115 115 105 111 110 34 58 34 49 32 50 32 43 32 51 32 52 32 43 32 43 34 44 34 114 101 115 117 108 116 34 58 48 44 34 105 115 95 99 111 109 112 117 116 105 110 103 34 58 102 97 108 115 101 44 34 105 115 95 112 105 110 103 34 58 102 97 108 115 101 44 34 97 103 101 110 116 95 105 100 34 58 34 48 48 48 48 48 48 48 48 45 48 48 48 48 45 48 48 48 48 45 48 48 48 48 45 48 48 48 48 48 48 48 48 48 48 48 48 34 125]
2024/02/16 12:48:34 Agent consume msg from agent agregator [123 34 101 120 112 114 101 115 115 105 111 110 95 105 100 34 58 34 98 54 100 56 55 97 100 48 45 57 52 57 51 45 52 56 102 53 45 57 55 98 57 45 54 57 97 56 54 54 56 52 50 55 102 102 34 44 34 116 111 107 101 110 34 58 34 49 32 50 32 43 34 44 34 101 120 112 114 101 115 115 105 111 110 34 58 34 49 32 50 32 43 32 51 32 52 32 43 32 43 34 44 34 114 101 115 117 108 116 34 58 48 44 34 105 115 95 99 111 109 112 117 116 105 110 103 34 58 102 97 108 115 101 44 34 105 115 95 112 105 110 103 34 58 102 97 108 115 101 44 34 97 103 101 110 116 95 105 100 34 58 34 48 48 48 48 48 48 48 48 45 48 48 48 48 45 48 48 48 48 45 48 48 48 48 45 48 48 48 48 48 48 48 48 48 48 48 48 34 125]
2024/02/16 12:48:44 Agent consume message from computers &{b6d87ad0-9493-48f5-97b9-69a8668427ff 3 4 + 1 2 + 3 4 + + 7 false false 00000000-0000-0000-0000-000000000000}
2024/02/16 12:48:44 Publishing message to Queue: Queue for consuming results and pings from agents
2024/02/16 12:48:44 Agent agregator consume message from agent [123 34 101 120 112 114 101 115 115 105 111 110 95 105 100 34 58 34 98 54 100 56 55 97 100 48 45 57 52 57 51 45 52 56 102 53 45 57 55 98 57 45 54 57 97 56 54 54 56 52 50 55 102 102 34 44 34 116 111 107 101 110 34 58 34 51 32 52 32 43 34 44 34 101 120 112 114 101 115 115 105 111 110 34 58 34 49 32 50 32 43 32 51 32 52 32 43 32 43 34 44 34 114 101 115 117 108 116 34 58 55 44 34 105 115 95 99 111 109 112 117 116 105 110 103 34 58 102 97 108 115 101 44 34 105 115 95 112 105 110 103 34 58 102 97 108 115 101 44 34 97 103 101 110 116 95 105 100 34 58 34 48 48 48 48 48 48 48 48 45 48 48 48 48 45 48 48 48 48 45 48 48 48 48 45 48 48 48 48 48 48 48 48 48 48 48 48 34 125]
2024/02/16 12:48:44 Agent consume message from computers &{b6d87ad0-9493-48f5-97b9-69a8668427ff 1 2 + 1 2 + 3 4 + + 3 false false 00000000-0000-0000-0000-000000000000}
2024/02/16 12:48:44 Publishing message to Queue: Queue for consuming results and pings from agents
2024/02/16 12:48:44 Agent agregator consume message from agent [123 34 101 120 112 114 101 115 115 105 111 110 95 105 100 34 58 34 98 54 100 56 55 97 100 48 45 57 52 57 51 45 52 56 102 53 45 57 55 98 57 45 54 57 97 56 54 54 56 52 50 55 102 102 34 44 34 116 111 107 101 110 34 58 34 49 32 50 32 43 34 44 34 101 120 112 114 101 115 115 105 111 110 34 58 34 49 32 50 32 43 32 51 32 52 32 43 32 43 34 44 34 114 101 115 117 108 116 34 58 51 44 34 105 115 95 99 111 109 112 117 116 105 110 103 34 58 102 97 108 115 101 44 34 105 115 95 112 105 110 103 34 58 102 97 108 115 101 44 34 97 103 101 110 116 95 105 100 34 58 34 48 48 48 48 48 48 48 48 45 48 48 48 48 45 48 48 48 48 45 48 48 48 48 45 48 48 48 48 48 48 48 48 48 48 48 48 34 125]
2024/02/16 12:48:44 Publishing message to Queue: Queue for sending expressions to agents
2024/02/16 12:48:44 Agent consume msg from agent agregator [123 34 101 120 112 114 101 115 115 105 111 110 95 105 100 34 58 34 98 54 100 56 55 97 100 48 45 57 52 57 51 45 52 56 102 53 45 57 55 98 57 45 54 57 97 56 54 54 56 52 50 55 102 102 34 44 34 116 111 107 101 110 34 58 34 51 32 55 32 43 34 44 34 101 120 112 114 101 115 115 105 111 110 34 58 34 51 32 55 32 43 34 44 34 114 101 115 117 108 116 34 58 48 44 34 105 115 95 99 111 109 112 117 116 105 110 103 34 58 102 97 108 115 101 44 34 105 115 95 112 105 110 103 34 58 102 97 108 115 101 44 34 97 103 101 110 116 95 105 100 34 58 34 48 48 48 48 48 48 48 48 45 48 48 48 48 45 48 48 48 48 45 48 48 48 48 45 48 48 48 48 48 48 48 48 48 48 48 48 34 125]
2024/02/16 12:48:54 Agent consume message from computers &{b6d87ad0-9493-48f5-97b9-69a8668427ff 3 7 + 3 7 + 10 false false 00000000-0000-0000-0000-000000000000}
2024/02/16 12:48:54 Publishing message to Queue: Queue for consuming results and pings from agents
2024/02/16 12:48:54 Agent agregator consume message from agent [123 34 101 120 112 114 101 115 115 105 111 110 95 105 100 34 58 34 98 54 100 56 55 97 100 48 45 57 52 57 51 45 52 56 102 53 45 57 55 98 57 45 54 57 97 56 54 54 56 52 50 55 102 102 34 44 34 116 111 107 101 110 34 58 34 51 32 55 32 43 34 44 34 101 120 112 114 101 115 115 105 111 110 34 58 34 51 32 55 32 43 34 44 34 114 101 115 117 108 116 34 58 49 48 44 34 105 115 95 99 111 109 112 117 116 105 110 103 34 58 102 97 108 115 101 44 34 105 115 95 112 105 110 103 34 58 102 97 108 115 101 44 34 97 103 101 110 116 95 105 100 34 58 34 48 48 48 48 48 48 48 48 45 48 48 48 48 45 48 48 48 48 45 48 48 48 48 45 48 48 48 48 48 48 48 48 48 48 48 48 34 125]
2024/02/16 14:49:38 Successfully connected to DB instance
2024/02/16 14:49:38 Successfully connected to RabbitMQ instance
2024/02/16 14:49:38 Successfully connected to RabbitMQ instance
2024/02/16 14:49:38 Server starting on port 3000
2024/02/16 14:49:45 Send message from orchestrator to agent agregator
2024/02/16 14:49:45 Agent agregator consume message from orchestrator
2024/02/16 14:49:45 [1 2 + 3 4 + +]
2024/02/16 14:49:45 Publishing message to Queue: Queue for sending expressions to agents from Agent Agregator
2024/02/16 14:49:45 Publishing message to Queue: Queue for sending expressions to agents from Agent Agregator
2024/02/16 14:49:45 Agent consume msg from agent agregator [123 34 101 120 112 114 101 115 115 105 111 110 95 105 100 34 58 34 56 99 57 54 56 54 54 55 45 56 50 57 51 45 52 101 99 53 45 56 56 53 55 45 53 97 102 57 53 53 52 51 53 51 53 97 34 44 34 116 111 107 101 110 34 58 34 51 32 52 32 43 34 44 34 101 120 112 114 101 115 115 105 111 110 34 58 34 49 32 50 32 43 32 51 32 52 32 43 32 43 34 44 34 114 101 115 117 108 116 34 58 48 44 34 105 115 95 112 105 110 103 34 58 102 97 108 115 101 44 34 97 103 101 110 116 95 105 100 34 58 34 48 48 48 48 48 48 48 48 45 48 48 48 48 45 48 48 48 48 45 48 48 48 48 45 48 48 48 48 48 48 48 48 48 48 48 48 34 125]
2024/02/16 14:49:45 Agent consume msg from agent agregator [123 34 101 120 112 114 101 115 115 105 111 110 95 105 100 34 58 34 56 99 57 54 56 54 54 55 45 56 50 57 51 45 52 101 99 53 45 56 56 53 55 45 53 97 102 57 53 53 52 51 53 51 53 97 34 44 34 116 111 107 101 110 34 58 34 49 32 50 32 43 34 44 34 101 120 112 114 101 115 115 105 111 110 34 58 34 49 32 50 32 43 32 51 32 52 32 43 32 43 34 44 34 114 101 115 117 108 116 34 58 48 44 34 105 115 95 112 105 110 103 34 58 102 97 108 115 101 44 34 97 103 101 110 116 95 105 100 34 58 34 48 48 48 48 48 48 48 48 45 48 48 48 48 45 48 48 48 48 45 48 48 48 48 45 48 48 48 48 48 48 48 48 48 48 48 48 34 125]
2024/02/16 14:49:55 Agent consume message from computers &{8c968667-8293-4ec5-8857-5af95543535a 1 2 + 1 2 + 3 4 + + 3 false 00000000-0000-0000-0000-000000000000}
2024/02/16 14:49:55 Publishing message to Queue: Queue for consuming results and pings from agents
2024/02/16 14:49:55 Agent agregator consume message from agent [123 34 101 120 112 114 101 115 115 105 111 110 95 105 100 34 58 34 56 99 57 54 56 54 54 55 45 56 50 57 51 45 52 101 99 53 45 56 56 53 55 45 53 97 102 57 53 53 52 51 53 51 53 97 34 44 34 116 111 107 101 110 34 58 34 49 32 50 32 43 34 44 34 101 120 112 114 101 115 115 105 111 110 34 58 34 49 32 50 32 43 32 51 32 52 32 43 32 43 34 44 34 114 101 115 117 108 116 34 58 51 44 34 105 115 95 112 105 110 103 34 58 102 97 108 115 101 44 34 97 103 101 110 116 95 105 100 34 58 34 48 48 48 48 48 48 48 48 45 48 48 48 48 45 48 48 48 48 45 48 48 48 48 45 48 48 48 48 48 48 48 48 48 48 48 48 34 125]
2024/02/16 14:49:55 Agent consume message from computers &{8c968667-8293-4ec5-8857-5af95543535a 3 4 + 1 2 + 3 4 + + 7 false 00000000-0000-0000-0000-000000000000}
2024/02/16 14:49:55 Publishing message to Queue: Queue for consuming results and pings from agents
2024/02/16 14:49:55 Agent agregator consume message from agent [123 34 101 120 112 114 101 115 115 105 111 110 95 105 100 34 58 34 56 99 57 54 56 54 54 55 45 56 50 57 51 45 52 101 99 53 45 56 56 53 55 45 53 97 102 57 53 53 52 51 53 51 53 97 34 44 34 116 111 107 101 110 34 58 34 51 32 52 32 43 34 44 34 101 120 112 114 101 115 115 105 111 110 34 58 34 49 32 50 32 43 32 51 32 52 32 43 32 43 34 44 34 114 101 115 117 108 116 34 58 55 44 34 105 115 95 112 105 110 103 34 58 102 97 108 115 101 44 34 97 103 101 110 116 95 105 100 34 58 34 48 48 48 48 48 48 48 48 45 48 48 48 48 45 48 48 48 48 45 48 48 48 48 45 48 48 48 48 48 48 48 48 48 48 48 48 34 125]
2024/02/16 14:49:55 Publishing message to Queue: Queue for sending expressions to agents from Agent Agregator
2024/02/16 14:49:55 Agent consume msg from agent agregator [123 34 101 120 112 114 101 115 115 105 111 110 95 105 100 34 58 34 56 99 57 54 56 54 54 55 45 56 50 57 51 45 52 101 99 53 45 56 56 53 55 45 53 97 102 57 53 53 52 51 53 51 53 97 34 44 34 116 111 107 101 110 34 58 34 51 32 55 32 43 34 44 34 101 120 112 114 101 115 115 105 111 110 34 58 34 51 32 55 32 43 34 44 34 114 101 115 117 108 116 34 58 48 44 34 105 115 95 112 105 110 103 34 58 102 97 108 115 101 44 34 97 103 101 110 116 95 105 100 34 58 34 48 48 48 48 48 48 48 48 45 48 48 48 48 45 48 48 48 48 45 48 48 48 48 45 48 48 48 48 48 48 48 48 48 48 48 48 34 125]
2024/02/16 14:50:05 Agent consume message from computers &{8c968667-8293-4ec5-8857-5af95543535a 3 7 + 3 7 + 10 false 00000000-0000-0000-0000-000000000000}
2024/02/16 14:50:05 Publishing message to Queue: Queue for consuming results and pings from agents
2024/02/16 14:50:05 Agent agregator consume message from agent [123 34 101 120 112 114 101 115 115 105 111 110 95 105 100 34 58 34 56 99 57 54 56 54 54 55 45 56 50 57 51 45 52 101 99 53 45 56 56 53 55 45 53 97 102 57 53 53 52 51 53 51 53 97 34 44 34 116 111 107 101 110 34 58 34 51 32 55 32 43 34 44 34 101 120 112 114 101 115 115 105 111 110 34 58 34 51 32 55 32 43 34 44 34 114 101 115 117 108 116 34 58 49 48 44 34 105 115 95 112 105 110 103 34 58 102 97 108 115 101 44 34 97 103 101 110 116 95 105 100 34 58 34 48 48 48 48 48 48 48 48 45 48 48 48 48 45 48 48 48 48 45 48 48 48 48 45 48 48 48 48 48 48 48 48 48 48 48 48 34 125]
2024/02/16 14:51:06 Send message from orchestrator to agent agregator
2024/02/16 14:51:06 Agent agregator consume message from orchestrator
2024/02/16 14:51:06 [5 6 + 7 8 + +]
2024/02/16 14:51:06 Publishing message to Queue: Queue for sending expressions to agents from Agent Agregator
2024/02/16 14:51:06 Publishing message to Queue: Queue for sending expressions to agents from Agent Agregator
2024/02/16 14:51:06 Agent consume msg from agent agregator [123 34 101 120 112 114 101 115 115 105 111 110 95 105 100 34 58 34 99 102 98 49 99 97 100 102 45 100 57 53 51 45 52 99 56 52 45 56 49 102 52 45 52 98 98 98 100 54 57 54 48 50 55 56 34 44 34 116 111 107 101 110 34 58 34 55 32 56 32 43 34 44 34 101 120 112 114 101 115 115 105 111 110 34 58 34 53 32 54 32 43 32 55 32 56 32 43 32 43 34 44 34 114 101 115 117 108 116 34 58 48 44 34 105 115 95 112 105 110 103 34 58 102 97 108 115 101 44 34 97 103 101 110 116 95 105 100 34 58 34 48 48 48 48 48 48 48 48 45 48 48 48 48 45 48 48 48 48 45 48 48 48 48 45 48 48 48 48 48 48 48 48 48 48 48 48 34 125]
2024/02/16 14:51:06 Agent consume msg from agent agregator [123 34 101 120 112 114 101 115 115 105 111 110 95 105 100 34 58 34 99 102 98 49 99 97 100 102 45 100 57 53 51 45 52 99 56 52 45 56 49 102 52 45 52 98 98 98 100 54 57 54 48 50 55 56 34 44 34 116 111 107 101 110 34 58 34 53 32 54 32 43 34 44 34 101 120 112 114 101 115 115 105 111 110 34 58 34 53 32 54 32 43 32 55 32 56 32 43 32 43 34 44 34 114 101 115 117 108 116 34 58 48 44 34 105 115 95 112 105 110 103 34 58 102 97 108 115 101 44 34 97 103 101 110 116 95 105 100 34 58 34 48 48 48 48 48 48 48 48 45 48 48 48 48 45 48 48 48 48 45 48 48 48 48 45 48 48 48 48 48 48 48 48 48 48 48 48 34 125]
2024/02/16 14:51:16 Agent consume message from computers &{cfb1cadf-d953-4c84-81f4-4bbbd6960278 5 6 + 5 6 + 7 8 + + 11 false 00000000-0000-0000-0000-000000000000}
2024/02/16 14:51:16 Publishing message to Queue: Queue for consuming results and pings from agents
2024/02/16 14:51:16 Agent consume message from computers &{cfb1cadf-d953-4c84-81f4-4bbbd6960278 7 8 + 5 6 + 7 8 + + 15 false 00000000-0000-0000-0000-000000000000}
2024/02/16 14:51:16 Publishing message to Queue: Queue for consuming results and pings from agents
2024/02/16 14:51:16 Agent agregator consume message from agent [123 34 101 120 112 114 101 115 115 105 111 110 95 105 100 34 58 34 99 102 98 49 99 97 100 102 45 100 57 53 51 45 52 99 56 52 45 56 49 102 52 45 52 98 98 98 100 54 57 54 48 50 55 56 34 44 34 116 111 107 101 110 34 58 34 55 32 56 32 43 34 44 34 101 120 112 114 101 115 115 105 111 110 34 58 34 53 32 54 32 43 32 55 32 56 32 43 32 43 34 44 34 114 101 115 117 108 116 34 58 49 53 44 34 105 115 95 112 105 110 103 34 58 102 97 108 115 101 44 34 97 103 101 110 116 95 105 100 34 58 34 48 48 48 48 48 48 48 48 45 48 48 48 48 45 48 48 48 48 45 48 48 48 48 45 48 48 48 48 48 48 48 48 48 48 48 48 34 125]
2024/02/16 14:51:16 Agent agregator consume message from agent [123 34 101 120 112 114 101 115 115 105 111 110 95 105 100 34 58 34 99 102 98 49 99 97 100 102 45 100 57 53 51 45 52 99 56 52 45 56 49 102 52 45 52 98 98 98 100 54 57 54 48 50 55 56 34 44 34 116 111 107 101 110 34 58 34 53 32 54 32 43 34 44 34 101 120 112 114 101 115 115 105 111 110 34 58 34 53 32 54 32 43 32 55 32 56 32 43 32 43 34 44 34 114 101 115 117 108 116 34 58 49 49 44 34 105 115 95 112 105 110 103 34 58 102 97 108 115 101 44 34 97 103 101 110 116 95 105 100 34 58 34 48 48 48 48 48 48 48 48 45 48 48 48 48 45 48 48 48 48 45 48 48 48 48 45 48 48 48 48 48 48 48 48 48 48 48 48 34 125]
2024/02/16 14:51:16 Publishing message to Queue: Queue for sending expressions to agents from Agent Agregator
2024/02/16 14:51:16 Agent consume msg from agent agregator [123 34 101 120 112 114 101 115 115 105 111 110 95 105 100 34 58 34 99 102 98 49 99 97 100 102 45 100 57 53 51 45 52 99 56 52 45 56 49 102 52 45 52 98 98 98 100 54 57 54 48 50 55 56 34 44 34 116 111 107 101 110 34 58 34 49 49 32 49 53 32 43 34 44 34 101 120 112 114 101 115 115 105 111 110 34 58 34 49 49 32 49 53 32 43 34 44 34 114 101 115 117 108 116 34 58 48 44 34 105 115 95 112 105 110 103 34 58 102 97 108 115 101 44 34 97 103 101 110 116 95 105 100 34 58 34 48 48 48 48 48 48 48 48 45 48 48 48 48 45 48 48 48 48 45 48 48 48 48 45 48 48 48 48 48 48 48 48 48 48 48 48 34 125]
2024/02/16 14:51:26 Agent consume message from computers &{cfb1cadf-d953-4c84-81f4-4bbbd6960278 11 15 + 11 15 + 26 false 00000000-0000-0000-0000-000000000000}
2024/02/16 14:51:26 Publishing message to Queue: Queue for consuming results and pings from agents
2024/02/16 14:51:26 Agent agregator consume message from agent [123 34 101 120 112 114 101 115 115 105 111 110 95 105 100 34 58 34 99 102 98 49 99 97 100 102 45 100 57 53 51 45 52 99 56 52 45 56 49 102 52 45 52 98 98 98 100 54 57 54 48 50 55 56 34 44 34 116 111 107 101 110 34 58 34 49 49 32 49 53 32 43 34 44 34 101 120 112 114 101 115 115 105 111 110 34 58 34 49 49 32 49 53 32 43 34 44 34 114 101 115 117 108 116 34 58 50 54 44 34 105 115 95 112 105 110 103 34 58 102 97 108 115 101 44 34 97 103 101 110 116 95 105 100 34 58 34 48 48 48 48 48 48 48 48 45 48 48 48 48 45 48 48 48 48 45 48 48 48 48 45 48 48 48 48 48 48 48 48 48 48 48 48 34 125]
2024/02/16 15:30:30 Successfully connected to DB instance
2024/02/16 15:30:30 Successfully connected to RabbitMQ instance
2024/02/16 15:30:30 Successfully connected to RabbitMQ instance
2024/02/16 15:30:30 Server starting on port 3000
2024/02/16 15:30:44 Send message from orchestrator to agent agregator
2024/02/16 15:30:44 Agent agregator consume message from orchestrator
2024/02/16 15:30:44 [9 4 + 2 3 + +]
2024/02/16 15:30:44 Publishing message to Queue: Queue for sending expressions to agents from Agent Agregator
2024/02/16 15:30:44 Publishing message to Queue: Queue for sending expressions to agents from Agent Agregator
2024/02/16 15:30:44 Agent consume msg from agent agregator [123 34 101 120 112 114 101 115 115 105 111 110 95 105 100 34 58 34 56 48 57 102 56 50 98 48 45 98 52 52 50 45 52 101 100 102 45 97 52 57 100 45 49 102 50 97 97 50 53 51 48 48 99 102 34 44 34 116 111 107 101 110 34 58 34 50 32 51 32 43 34 44 34 101 120 112 114 101 115 115 105 111 110 34 58 34 57 32 52 32 43 32 50 32 51 32 43 32 43 34 44 34 114 101 115 117 108 116 34 58 48 44 34 105 115 95 112 105 110 103 34 58 102 97 108 115 101 44 34 97 103 101 110 116 95 105 100 34 58 34 48 48 48 48 48 48 48 48 45 48 48 48 48 45 48 48 48 48 45 48 48 48 48 45 48 48 48 48 48 48 48 48 48 48 48 48 34 125]
2024/02/16 15:30:44 Agent consume msg from agent agregator [123 34 101 120 112 114 101 115 115 105 111 110 95 105 100 34 58 34 56 48 57 102 56 50 98 48 45 98 52 52 50 45 52 101 100 102 45 97 52 57 100 45 49 102 50 97 97 50 53 51 48 48 99 102 34 44 34 116 111 107 101 110 34 58 34 57 32 52 32 43 34 44 34 101 120 112 114 101 115 115 105 111 110 34 58 34 57 32 52 32 43 32 50 32 51 32 43 32 43 34 44 34 114 101 115 117 108 116 34 58 48 44 34 105 115 95 112 105 110 103 34 58 102 97 108 115 101 44 34 97 103 101 110 116 95 105 100 34 58 34 48 48 48 48 48 48 48 48 45 48 48 48 48 45 48 48 48 48 45 48 48 48 48 45 48 48 48 48 48 48 48 48 48 48 48 48 34 125]
2024/02/16 15:30:54 Agent consume message from computers &{809f82b0-b442-4edf-a49d-1f2aa25300cf 2 3 + 9 4 + 2 3 + + 5 false 00000000-0000-0000-0000-000000000000}
2024/02/16 15:30:54 Publishing message to Queue: Queue for consuming results and pings from agents
2024/02/16 15:30:54 Agent agregator consume message from agent [123 34 101 120 112 114 101 115 115 105 111 110 95 105 100 34 58 34 56 48 57 102 56 50 98 48 45 98 52 52 50 45 52 101 100 102 45 97 52 57 100 45 49 102 50 97 97 50 53 51 48 48 99 102 34 44 34 116 111 107 101 110 34 58 34 50 32 51 32 43 34 44 34 101 120 112 114 101 115 115 105 111 110 34 58 34 57 32 52 32 43 32 50 32 51 32 43 32 43 34 44 34 114 101 115 117 108 116 34 58 53 44 34 105 115 95 112 105 110 103 34 58 102 97 108 115 101 44 34 97 103 101 110 116 95 105 100 34 58 34 48 48 48 48 48 48 48 48 45 48 48 48 48 45 48 48 48 48 45 48 48 48 48 45 48 48 48 48 48 48 48 48 48 48 48 48 34 125]
2024/02/16 15:30:54 Agent consume message from computers &{809f82b0-b442-4edf-a49d-1f2aa25300cf 9 4 + 9 4 + 2 3 + + 13 false 00000000-0000-0000-0000-000000000000}
2024/02/16 15:30:54 Publishing message to Queue: Queue for consuming results and pings from agents
2024/02/16 15:30:54 Agent agregator consume message from agent [123 34 101 120 112 114 101 115 115 105 111 110 95 105 100 34 58 34 56 48 57 102 56 50 98 48 45 98 52 52 50 45 52 101 100 102 45 97 52 57 100 45 49 102 50 97 97 50 53 51 48 48 99 102 34 44 34 116 111 107 101 110 34 58 34 57 32 52 32 43 34 44 34 101 120 112 114 101 115 115 105 111 110 34 58 34 57 32 52 32 43 32 50 32 51 32 43 32 43 34 44 34 114 101 115 117 108 116 34 58 49 51 44 34 105 115 95 112 105 110 103 34 58 102 97 108 115 101 44 34 97 103 101 110 116 95 105 100 34 58 34 48 48 48 48 48 48 48 48 45 48 48 48 48 45 48 48 48 48 45 48 48 48 48 45 48 48 48 48 48 48 48 48 48 48 48 48 34 125]
2024/02/16 15:30:54 Publishing message to Queue: Queue for sending expressions to agents from Agent Agregator
2024/02/16 15:30:54 Agent consume msg from agent agregator [123 34 101 120 112 114 101 115 115 105 111 110 95 105 100 34 58 34 56 48 57 102 56 50 98 48 45 98 52 52 50 45 52 101 100 102 45 97 52 57 100 45 49 102 50 97 97 50 53 51 48 48 99 102 34 44 34 116 111 107 101 110 34 58 34 49 51 32 53 32 43 34 44 34 101 120 112 114 101 115 115 105 111 110 34 58 34 49 51 32 53 32 43 34 44 34 114 101 115 117 108 116 34 58 48 44 34 105 115 95 112 105 110 103 34 58 102 97 108 115 101 44 34 97 103 101 110 116 95 105 100 34 58 34 48 48 48 48 48 48 48 48 45 48 48 48 48 45 48 48 48 48 45 48 48 48 48 45 48 48 48 48 48 48 48 48 48 48 48 48 34 125]
2024/02/16 15:31:04 Agent consume message from computers &{809f82b0-b442-4edf-a49d-1f2aa25300cf 13 5 + 13 5 + 18 false 00000000-0000-0000-0000-000000000000}
2024/02/16 15:31:04 Publishing message to Queue: Queue for consuming results and pings from agents
2024/02/16 15:31:04 Agent agregator consume message from agent [123 34 101 120 112 114 101 115 115 105 111 110 95 105 100 34 58 34 56 48 57 102 56 50 98 48 45 98 52 52 50 45 52 101 100 102 45 97 52 57 100 45 49 102 50 97 97 50 53 51 48 48 99 102 34 44 34 116 111 107 101 110 34 58 34 49 51 32 53 32 43 34 44 34 101 120 112 114 101 115 115 105 111 110 34 58 34 49 51 32 53 32 43 34 44 34 114 101 115 117 108 116 34 58 49 56 44 34 105 115 95 112 105 110 103 34 58 102 97 108 115 101 44 34 97 103 101 110 116 95 105 100 34 58 34 48 48 48 48 48 48 48 48 45 48 48 48 48 45 48 48 48 48 45 48 48 48 48 45 48 48 48 48 48 48 48 48 48 48 48 48 34 125]
